Arguments: 
  C:\Program Files\nodejs\node.exe C:\Users\Miraj\AppData\Roaming\npm\node_modules\yarn\bin\yarn.js install html-webpack-plugin -D

PATH: 
  C:\Program Files (x86)\Common Files\Intel\Shared Files\cpp\bin\Intel64;C:\ProgramData\Oracle\Java\javapath;C:\Program Files (x86)\NVIDIA Corporation\PhysX\Common;C:\Python34\Lib\site-packages\PyQt5;C:\Python34\Lib\site-packages\PyQt5;C:\Windows\system32;C:\Windows;C:\Windows\System32\Wbem;C:\Windows\System32\WindowsPowerShell\v1.0\;C:\Program Files (x86)\AMD\ATI.ACE\Core-Static;C:\Program Files (x86)\JexePack;C:\Program Files\MySQL\MySQL Server 5.7\bin;c:\apache-maven-3.3.9\bin;c:\Program Files\Java\jdk1.8.0_51\bin;c:\Gradle\bin\bin;c:\Program Files\Git\\bin\;C:\Program Files (x86)\GtkSharp\2.12\bin;C:\Program Files\nodejs\;C:\Gradle\bin;C:\Program Files\Git\cmd;C:\Program Files\Heroku\bin;C:\Users\Miraj\AppData\Roaming\npm

Yarn version: 
  1.5.1

Node version: 
  8.9.4

Platform: 
  win32 x64

npm manifest: 
  {
    "name": "tower_game",
    "version": "1.0.0",
    "description": "",
    "main": "index.js",
    "scripts": {
      "test": "echo \"Error: no test specified\" && exit 1"
    },
    "keywords": [],
    "author": "your name <your email> (your site url)",
    "license": "ISC"
  }

yarn manifest: 
  No manifest

Lockfile: 
  No lockfile

Trace: 
  Error: `install` has been replaced with `add` to add new dependencies. Run "yarn add html-webpack-plugin --dev" instead.
      at new MessageError (C:\Users\Miraj\AppData\Roaming\npm\node_modules\yarn\lib\cli.js:186:110)
      at Object.<anonymous> (C:\Users\Miraj\AppData\Roaming\npm\node_modules\yarn\lib\cli.js:21987:13)
      at Generator.next (<anonymous>)
      at step (C:\Users\Miraj\AppData\Roaming\npm\node_modules\yarn\lib\cli.js:98:30)
      at C:\Users\Miraj\AppData\Roaming\npm\node_modules\yarn\lib\cli.js:109:13
      at <anonymous>
